[      33ms] [ERROR] Refused to execute script from 'http://localhost:3000/js/icons-0e53767f.js' because its MIME type ('text/html') is not executable, and strict MIME type checking is enabled. @ http://localhost:3000/:0
[      34ms] [ERROR] Refused to execute script from 'http://localhost:3000/js/api-6d1bf93f.js' because its MIME type ('text/html') is not executable, and strict MIME type checking is enabled. @ http://localhost:3000/:0
[      34ms] [ERROR] Refused to execute script from 'http://localhost:3000/js/auth-0a3442bc.js' because its MIME type ('text/html') is not executable, and strict MIME type checking is enabled. @ http://localhost:3000/:0
[      37ms] [ERROR] Refused to execute script from 'http://localhost:3000/js/components/passwordStrength-97ee0887.js' because its MIME type ('text/html') is not executable, and strict MIME type checking is enabled. @ http://localhost:3000/:0
[      38ms] [ERROR] Refused to execute script from 'http://localhost:3000/js/components/toast-169caa0a.js' because its MIME type ('text/html') is not executable, and strict MIME type checking is enabled. @ http://localhost:3000/:0
[      38ms] [ERROR] Refused to execute script from 'http://localhost:3000/js/components/modal-75cf33e5.js' because its MIME type ('text/html') is not executable, and strict MIME type checking is enabled. @ http://localhost:3000/:0
[      46ms] [ERROR] Refused to execute script from 'http://localhost:3000/js/components/pagination-df916e9d.js' because its MIME type ('text/html') is not executable, and strict MIME type checking is enabled. @ http://localhost:3000/:0
[      46ms] [ERROR] Refused to execute script from 'http://localhost:3000/js/screens/login-74eaa987.js' because its MIME type ('text/html') is not executable, and strict MIME type checking is enabled. @ http://localhost:3000/:0
[      46ms] [ERROR] Refused to execute script from 'http://localhost:3000/js/screens/forgotPassword-d8291c66.js' because its MIME type ('text/html') is not executable, and strict MIME type checking is enabled. @ http://localhost:3000/:0
[      47ms] [ERROR] Refused to execute script from 'http://localhost:3000/js/screens/resetPassword-02aa877c.js' because its MIME type ('text/html') is not executable, and strict MIME type checking is enabled. @ http://localhost:3000/:0
[      51ms] [ERROR] Refused to execute script from 'http://localhost:3000/js/screens/passwordManagement-a80d1fea.js' because its MIME type ('text/html') is not executable, and strict MIME type checking is enabled. @ http://localhost:3000/:0
[      52ms] [ERROR] Refused to execute script from 'http://localhost:3000/js/screens/register-9dfbcbb4.js' because its MIME type ('text/html') is not executable, and strict MIME type checking is enabled. @ http://localhost:3000/:0
[      54ms] [ERROR] Refused to execute script from 'http://localhost:3000/js/screens/dashboard-53aea6b8.js' because its MIME type ('text/html') is not executable, and strict MIME type checking is enabled. @ http://localhost:3000/:0
[      54ms] [ERROR] Refused to execute script from 'http://localhost:3000/js/screens/users-792bb43e.js' because its MIME type ('text/html') is not executable, and strict MIME type checking is enabled. @ http://localhost:3000/:0
[      60ms] [ERROR] Refused to execute script from 'http://localhost:3000/js/screens/userDetail-77601fe2.js' because its MIME type ('text/html') is not executable, and strict MIME type checking is enabled. @ http://localhost:3000/:0
[      61ms] [ERROR] Refused to execute script from 'http://localhost:3000/js/screens/groups-9c680313.js' because its MIME type ('text/html') is not executable, and strict MIME type checking is enabled. @ http://localhost:3000/:0
[      66ms] [ERROR] Refused to execute script from 'http://localhost:3000/js/screens/permissions-2b23df42.js' because its MIME type ('text/html') is not executable, and strict MIME type checking is enabled. @ http://localhost:3000/:0
[      67ms] [ERROR] Refused to execute script from 'http://localhost:3000/js/screens/loginLog-7fb7606e.js' because its MIME type ('text/html') is not executable, and strict MIME type checking is enabled. @ http://localhost:3000/:0
[      69ms] [ERROR] Refused to execute script from 'http://localhost:3000/js/screens/organizations-d30e3afb.js' because its MIME type ('text/html') is not executable, and strict MIME type checking is enabled. @ http://localhost:3000/:0
[      70ms] [ERROR] Refused to execute script from 'http://localhost:3000/js/screens/sessions-a8def557.js' because its MIME type ('text/html') is not executable, and strict MIME type checking is enabled. @ http://localhost:3000/:0
[      72ms] [ERROR] Refused to execute script from 'http://localhost:3000/js/screens/totp-850cd165.js' because its MIME type ('text/html') is not executable, and strict MIME type checking is enabled. @ http://localhost:3000/:0
[      73ms] [ERROR] Refused to execute script from 'http://localhost:3000/js/app-c994974c.js' because its MIME type ('text/html') is not executable, and strict MIME type checking is enabled. @ http://localhost:3000/:0
