[      48ms] [VERBOSE] [DOM] Password field is not contained in a form: (More info: https://goo.gl/9p2vKq) @ http://localhost:3000/login.html:0
[   12838ms] [ERROR] Refused to execute script from 'http://localhost:3000/js/icons-0e53767f.js' because its MIME type ('text/html') is not executable, and strict MIME type checking is enabled. @ http://localhost:3000/dashboard.html:0
[   12840ms] [ERROR] Refused to execute script from 'http://localhost:3000/js/api-6d1bf93f.js' because its MIME type ('text/html') is not executable, and strict MIME type checking is enabled. @ http://localhost:3000/dashboard.html:0
[   12840ms] [ERROR] Refused to execute script from 'http://localhost:3000/js/auth-0a3442bc.js' because its MIME type ('text/html') is not executable, and strict MIME type checking is enabled. @ http://localhost:3000/dashboard.html:0
[   12843ms] [ERROR] Refused to execute script from 'http://localhost:3000/js/components/passwordStrength-97ee0887.js' because its MIME type ('text/html') is not executable, and strict MIME type checking is enabled. @ http://localhost:3000/dashboard.html:0
[   12846ms] [ERROR] Refused to execute script from 'http://localhost:3000/js/components/toast-169caa0a.js' because its MIME type ('text/html') is not executable, and strict MIME type checking is enabled. @ http://localhost:3000/dashboard.html:0
[   12849ms] [ERROR] Refused to execute script from 'http://localhost:3000/js/components/modal-75cf33e5.js' because its MIME type ('text/html') is not executable, and strict MIME type checking is enabled. @ http://localhost:3000/dashboard.html:0
[   12855ms] [ERROR] Refused to execute script from 'http://localhost:3000/js/components/pagination-df916e9d.js' because its MIME type ('text/html') is not executable, and strict MIME type checking is enabled. @ http://localhost:3000/dashboard.html:0
[   12858ms] [ERROR] Refused to execute script from 'http://localhost:3000/js/screens/login-74eaa987.js' because its MIME type ('text/html') is not executable, and strict MIME type checking is enabled. @ http://localhost:3000/dashboard.html:0
[   12862ms] [ERROR] Refused to execute script from 'http://localhost:3000/js/screens/forgotPassword-d8291c66.js' because its MIME type ('text/html') is not executable, and strict MIME type checking is enabled. @ http://localhost:3000/dashboard.html:0
[   12866ms] [ERROR] Refused to execute script from 'http://localhost:3000/js/screens/resetPassword-02aa877c.js' because its MIME type ('text/html') is not executable, and strict MIME type checking is enabled. @ http://localhost:3000/dashboard.html:0
[   12871ms] [ERROR] Refused to execute script from 'http://localhost:3000/js/screens/passwordManagement-a80d1fea.js' because its MIME type ('text/html') is not executable, and strict MIME type checking is enabled. @ http://localhost:3000/dashboard.html:0
[   12873ms] [ERROR] Refused to execute script from 'http://localhost:3000/js/screens/register-9dfbcbb4.js' because its MIME type ('text/html') is not executable, and strict MIME type checking is enabled. @ http://localhost:3000/dashboard.html:0
[   12876ms] [ERROR] Refused to execute script from 'http://localhost:3000/js/screens/dashboard-53aea6b8.js' because its MIME type ('text/html') is not executable, and strict MIME type checking is enabled. @ http://localhost:3000/dashboard.html:0
[   12879ms] [ERROR] Refused to execute script from 'http://localhost:3000/js/screens/users-792bb43e.js' because its MIME type ('text/html') is not executable, and strict MIME type checking is enabled. @ http://localhost:3000/dashboard.html:0
[   12883ms] [ERROR] Refused to execute script from 'http://localhost:3000/js/screens/userDetail-77601fe2.js' because its MIME type ('text/html') is not executable, and strict MIME type checking is enabled. @ http://localhost:3000/dashboard.html:0
[   12885ms] [ERROR] Refused to execute script from 'http://localhost:3000/js/screens/groups-9c680313.js' because its MIME type ('text/html') is not executable, and strict MIME type checking is enabled. @ http://localhost:3000/dashboard.html:0
[   12891ms] [ERROR] Refused to execute script from 'http://localhost:3000/js/screens/permissions-2b23df42.js' because its MIME type ('text/html') is not executable, and strict MIME type checking is enabled. @ http://localhost:3000/dashboard.html:0
[   12891ms] [ERROR] Refused to execute script from 'http://localhost:3000/js/screens/loginLog-7fb7606e.js' because its MIME type ('text/html') is not executable, and strict MIME type checking is enabled. @ http://localhost:3000/dashboard.html:0
[   12893ms] [ERROR] Refused to execute script from 'http://localhost:3000/js/screens/organizations-d30e3afb.js' because its MIME type ('text/html') is not executable, and strict MIME type checking is enabled. @ http://localhost:3000/dashboard.html:0
[   12895ms] [ERROR] Refused to execute script from 'http://localhost:3000/js/screens/sessions-a8def557.js' because its MIME type ('text/html') is not executable, and strict MIME type checking is enabled. @ http://localhost:3000/dashboard.html:0
[   12899ms] [ERROR] Refused to execute script from 'http://localhost:3000/js/screens/totp-850cd165.js' because its MIME type ('text/html') is not executable, and strict MIME type checking is enabled. @ http://localhost:3000/dashboard.html:0
[   12899ms] [ERROR] Refused to execute script from 'http://localhost:3000/js/app-c994974c.js' because its MIME type ('text/html') is not executable, and strict MIME type checking is enabled. @ http://localhost:3000/dashboard.html:0
