[      97ms] [ERROR] Failed to load resource: the server responded with a status of 401 (Unauthorized) @ http://localhost:3000/api/admin/stats:0
[      97ms] [ERROR] Dashboard stats load failed: Error: Phiên đăng nhập đã hết hạn hoặc đã bị thu hồi
    at handleResponse (http://localhost:3000/js/api.js:47:13)
    at async Object.loadStats (http://localhost:3000/js/screens/dashboard.js:111:20)
    at async Object.afterRender (http://localhost:3000/js/screens/dashboard.js:105:5) @ http://localhost:3000/js/screens/dashboard.js:123
[     102ms] [INFO] Autofocus processing was blocked because a document already has a focused element. @ http://localhost:3000/#login:0
[     106ms] [ERROR] Failed to load resource: the server responded with a status of 401 (Unauthorized) @ http://localhost:3000/api/auth/login-log?limit=10&status=success:0
[     109ms] [ERROR] Failed to load resource: the server responded with a status of 401 (Unauthorized) @ http://localhost:3000/api/auth/login-log?limit=10&status=success:0
[  684438ms] [INFO] Autofocus processing was blocked because a document already has a focused element. @ http://localhost:3000/#login:0
[ 9518506ms] [INFO] Autofocus processing was blocked because a document already has a focused element. @ http://localhost:3000/#register:0
[10581544ms] [ERROR] Failed to load resource: the server responded with a status of 404 (Not Found) @ http://localhost:3000/api/permissions/role/1:0
[10581544ms] [ERROR] Failed to load permissions Error: Not found
    at handleResponse (http://localhost:3000/js/api.js:49:17)
    at async Object.load (http://localhost:3000/js/screens/permissions.js:90:27) @ http://localhost:3000/js/screens/permissions.js:97
[10584202ms] [ERROR] Failed to load resource: the server responded with a status of 404 (Not Found) @ http://localhost:3000/api/permissions/role/5:0
[10584203ms] [ERROR] Failed to load permissions Error: Not found
    at handleResponse (http://localhost:3000/js/api.js:49:17)
    at async Object.load (http://localhost:3000/js/screens/permissions.js:90:27) @ http://localhost:3000/js/screens/permissions.js:97
[10590157ms] TypeError: ROUTER.navigate is not a function
    at HTMLButtonElement.onclick (http://localhost:3000/#permissions:1:8)
[10591038ms] TypeError: ROUTER.navigate is not a function
    at HTMLButtonElement.onclick (http://localhost:3000/#permissions:1:8)
[10593355ms] [ERROR] Failed to load resource: the server responded with a status of 404 (Not Found) @ http://localhost:3000/api/permissions/role/9:0
[10593355ms] [ERROR] Failed to load permissions Error: Not found
    at handleResponse (http://localhost:3000/js/api.js:49:17)
    at async Object.load (http://localhost:3000/js/screens/permissions.js:90:27) @ http://localhost:3000/js/screens/permissions.js:97
[10594365ms] [ERROR] Failed to load resource: the server responded with a status of 400 (Bad Request) @ http://localhost:3000/api/permissions:0
[11253871ms] [VERBOSE] [DOM] Input elements should have autocomplete attributes (suggested: "current-password"): (More info: https://goo.gl/9p2vKq) %o @ http://localhost:3000/#users:0
[11271673ms] [INFO] Autofocus processing was blocked because a document already has a focused element. @ http://localhost:3000/#groups:0
[11278955ms] [VERBOSE] [DOM] Input elements should have autocomplete attributes (suggested: "current-password"): (More info: https://goo.gl/9p2vKq) %o @ http://localhost:3000/#users:0
[11289276ms] [ERROR] Failed to load resource: the server responded with a status of 404 (Not Found) @ http://localhost:3000/api/permissions/role/1:0
[33731187ms] [ERROR] Failed to load resource: the server responded with a status of 401 (Unauthorized) @ http://localhost:3000/api/users?page=1&limit=20:0
