[     232ms] [ERROR] Refused to apply style from 'http://localhost:3000/css/screens-12be4dc0.css' because its MIME type ('text/html') is not a supported stylesheet MIME type, and strict MIME checking is enabled. @ http://localhost:3000/:0
[     232ms] [ERROR] Refused to apply style from 'http://localhost:3000/css/app-eeea1b66.css' because its MIME type ('text/html') is not a supported stylesheet MIME type, and strict MIME checking is enabled. @ http://localhost:3000/:0
[     232ms] [ERROR] Refused to apply style from 'http://localhost:3000/css/icons-de3f100e.css' because its MIME type ('text/html') is not a supported stylesheet MIME type, and strict MIME checking is enabled. @ http://localhost:3000/:0
[     265ms] [ERROR] Refused to execute script from 'http://localhost:3000/js/icons-0e53767f.js' because its MIME type ('text/html') is not executable, and strict MIME type checking is enabled. @ http://localhost:3000/:0
[     267ms] [ERROR] Refused to execute script from 'http://localhost:3000/js/api-6d1bf93f.js' because its MIME type ('text/html') is not executable, and strict MIME type checking is enabled. @ http://localhost:3000/:0
[     267ms] [ERROR] Refused to execute script from 'http://localhost:3000/js/auth-0a3442bc.js' because its MIME type ('text/html') is not executable, and strict MIME type checking is enabled. @ http://localhost:3000/:0
[     267ms] [ERROR] Refused to execute script from 'http://localhost:3000/js/components/passwordStrength-97ee0887.js' because its MIME type ('text/html') is not executable, and strict MIME type checking is enabled. @ http://localhost:3000/:0
[     268ms] [ERROR] Refused to execute script from 'http://localhost:3000/js/components/toast-169caa0a.js' because its MIME type ('text/html') is not executable, and strict MIME type checking is enabled. @ http://localhost:3000/:0
[     268ms] [ERROR] Refused to execute script from 'http://localhost:3000/js/components/modal-75cf33e5.js' because its MIME type ('text/html') is not executable, and strict MIME type checking is enabled. @ http://localhost:3000/:0
[     275ms] [ERROR] Refused to execute script from 'http://localhost:3000/js/components/pagination-df916e9d.js' because its MIME type ('text/html') is not executable, and strict MIME type checking is enabled. @ http://localhost:3000/:0
[     275ms] [ERROR] Refused to execute script from 'http://localhost:3000/js/screens/login-74eaa987.js' because its MIME type ('text/html') is not executable, and strict MIME type checking is enabled. @ http://localhost:3000/:0
[     275ms] [ERROR] Refused to execute script from 'http://localhost:3000/js/screens/forgotPassword-d8291c66.js' because its MIME type ('text/html') is not executable, and strict MIME type checking is enabled. @ http://localhost:3000/:0
[     277ms] [ERROR] Refused to execute script from 'http://localhost:3000/js/screens/resetPassword-02aa877c.js' because its MIME type ('text/html') is not executable, and strict MIME type checking is enabled. @ http://localhost:3000/:0
[     283ms] [ERROR] Refused to execute script from 'http://localhost:3000/js/screens/passwordManagement-a80d1fea.js' because its MIME type ('text/html') is not executable, and strict MIME type checking is enabled. @ http://localhost:3000/:0
[     283ms] [ERROR] Refused to execute script from 'http://localhost:3000/js/screens/register-9dfbcbb4.js' because its MIME type ('text/html') is not executable, and strict MIME type checking is enabled. @ http://localhost:3000/:0
[     292ms] [ERROR] Refused to execute script from 'http://localhost:3000/js/screens/dashboard-53aea6b8.js' because its MIME type ('text/html') is not executable, and strict MIME type checking is enabled. @ http://localhost:3000/:0
[     298ms] [ERROR] Refused to execute script from 'http://localhost:3000/js/screens/users-792bb43e.js' because its MIME type ('text/html') is not executable, and strict MIME type checking is enabled. @ http://localhost:3000/:0
[     299ms] [ERROR] Refused to execute script from 'http://localhost:3000/js/screens/userDetail-77601fe2.js' because its MIME type ('text/html') is not executable, and strict MIME type checking is enabled. @ http://localhost:3000/:0
[     299ms] [ERROR] Refused to execute script from 'http://localhost:3000/js/screens/groups-9c680313.js' because its MIME type ('text/html') is not executable, and strict MIME type checking is enabled. @ http://localhost:3000/:0
[     299ms] [ERROR] Refused to execute script from 'http://localhost:3000/js/screens/permissions-2b23df42.js' because its MIME type ('text/html') is not executable, and strict MIME type checking is enabled. @ http://localhost:3000/:0
[     302ms] [ERROR] Refused to execute script from 'http://localhost:3000/js/screens/loginLog-7fb7606e.js' because its MIME type ('text/html') is not executable, and strict MIME type checking is enabled. @ http://localhost:3000/:0
[     306ms] [ERROR] Refused to execute script from 'http://localhost:3000/js/screens/organizations-d30e3afb.js' because its MIME type ('text/html') is not executable, and strict MIME type checking is enabled. @ http://localhost:3000/:0
[     307ms] [ERROR] Refused to execute script from 'http://localhost:3000/js/screens/sessions-a8def557.js' because its MIME type ('text/html') is not executable, and strict MIME type checking is enabled. @ http://localhost:3000/:0
[     307ms] [ERROR] Refused to execute script from 'http://localhost:3000/js/screens/totp-850cd165.js' because its MIME type ('text/html') is not executable, and strict MIME type checking is enabled. @ http://localhost:3000/:0
[     307ms] [ERROR] Refused to execute script from 'http://localhost:3000/js/app-c994974c.js' because its MIME type ('text/html') is not executable, and strict MIME type checking is enabled. @ http://localhost:3000/:0
